<?xml version="1.0" encoding="UTF-8"?>
<!-- Generated by org.testng.reporters.JUnitReportReporter -->
<testsuite skipped="0" hostname="DESKTOP-TV01VB7" name="com.test.selenium.TestCase1" tests="1" failures="0" timestamp="10 Jun 2018 09:08:56 GMT" time="40.730" errors="0">
  <testcase name="testCase1" time="40.730" classname="com.test.selenium.TestCase1"/>
</testsuite> <!-- com.test.selenium.TestCase1 -->
