<?xml version="1.0" encoding="UTF-8"?>
<!-- Generated by org.testng.reporters.JUnitReportReporter -->
<testsuite skipped="0" hostname="DESKTOP-TV01VB7" name="com.test.selenium.TestCase2" tests="1" failures="0" timestamp="10 Jun 2018 09:08:56 GMT" time="18.974" errors="0">
  <testcase name="testCase2" time="18.974" classname="com.test.selenium.TestCase2"/>
</testsuite> <!-- com.test.selenium.TestCase2 -->
